d:\bongocat\bongocat-osu-master\debug\bongocatmverui.dll
d:\bongocat\bongocat-osu-master\debug\bongocatmverui.pdb
d:\bongocat\bongocat-osu-master\debug\bongocatmverui.dll.config
d:\bongocat\bongocat-osu-master\catuilauncher\debug\vc142.pdb
d:\bongocat\bongocat-osu-master\catuilauncher\debug\jsoncpp.obj
d:\bongocat\bongocat-osu-master\catuilauncher\debug\data.obj
d:\bongocat\bongocat-osu-master\catuilauncher\debug\catuilauncher.obj
d:\bongocat\bongocat-osu-master\catuilauncher\debug\.netframework,version=4.7.2.assemblyattributes.obj
d:\bongocat\bongocat-osu-master\catuilauncher\debug\.netframework,version=4.7.2.assemblyattributes.asm
d:\bongocat\bongocat-osu-master\catuilauncher\debug\catuilauncher.tlog\metagen.write.1.tlog
d:\bongocat\bongocat-osu-master\catuilauncher\debug\catuilauncher.res
d:\bongocat\bongocat-osu-master\catuilauncher\debug\catuilauncher.vcxprojassemblyreference.cache
d:\bongocat\bongocat-osu-master\catuilauncher\debug\catuilauncher.tlog\catuilauncher.write.1u.tlog
d:\bongocat\bongocat-osu-master\catuilauncher\debug\catuilauncher.tlog\cl.command.1.tlog
d:\bongocat\bongocat-osu-master\catuilauncher\debug\catuilauncher.tlog\cl.read.1.tlog
d:\bongocat\bongocat-osu-master\catuilauncher\debug\catuilauncher.tlog\cl.write.1.tlog
d:\bongocat\bongocat-osu-master\catuilauncher\debug\catuilauncher.tlog\metagen.read.1.tlog
d:\bongocat\bongocat-osu-master\catuilauncher\debug\catuilauncher.tlog\rc.command.1.tlog
d:\bongocat\bongocat-osu-master\catuilauncher\debug\catuilauncher.tlog\rc.read.1.tlog
d:\bongocat\bongocat-osu-master\catuilauncher\debug\catuilauncher.tlog\rc.write.1.tlog
d:\bongocat\bongocat-osu-master\catuilauncher\debug\catuilauncher.tlog\bongocatmverui.dll.metagen
