d:\bongocat\bongocat-osu-master\debug\bongocatmverui.dll
d:\bongocat\bongocat-osu-master\debug\bongocatmverui.pdb
d:\bongocat\bongocat-osu-master\debug\bongocatmverui.dll.config
d:\bongocat\bongocat-osu-master\debug\materialdesignthemes.wpf.dll
d:\bongocat\bongocat-osu-master\debug\materialdesigncolors.dll
d:\bongocat\bongocat-osu-master\debug\materialdesignthemes.wpf.pdb
d:\bongocat\bongocat-osu-master\debug\materialdesigncolors.pdb
d:\bongocat\bongocat-osu-master\catuilauncher\debug\vc142.pdb
d:\bongocat\bongocat-osu-master\catuilauncher\debug\data.obj
d:\bongocat\bongocat-osu-master\catuilauncher\debug\catuilauncher.obj
d:\bongocat\bongocat-osu-master\catuilauncher\debug\jsoncpp.obj
d:\bongocat\bongocat-osu-master\catuilauncher\debug\.netframework,version=4.7.2.assemblyattributes.obj
d:\bongocat\bongocat-osu-master\debug\catuilauncher.exe
d:\bongocat\bongocat-osu-master\debug\catuilauncher.pdb
d:\bongocat\bongocat-osu-master\catuilauncher\debug\catuilauncher.tlog\metagen.write.1.tlog
d:\bongocat\bongocat-osu-master\catuilauncher\debug\catuilauncher.res
d:\bongocat\bongocat-osu-master\catuilauncher\debug\catuilauncher.tlog\catuilauncher.read.1u.tlog
d:\bongocat\bongocat-osu-master\catuilauncher\debug\catuilauncher.tlog\catuilauncher.write.1u.tlog
d:\bongocat\bongocat-osu-master\catuilauncher\debug\catuilauncher.tlog\cl.command.1.tlog
d:\bongocat\bongocat-osu-master\catuilauncher\debug\catuilauncher.tlog\cl.read.1.tlog
d:\bongocat\bongocat-osu-master\catuilauncher\debug\catuilauncher.tlog\cl.write.1.tlog
d:\bongocat\bongocat-osu-master\catuilauncher\debug\catuilauncher.tlog\link.16804.16200.delete.1.tlog
d:\bongocat\bongocat-osu-master\catuilauncher\debug\catuilauncher.tlog\link.16852.21020.delete.1.tlog
d:\bongocat\bongocat-osu-master\catuilauncher\debug\catuilauncher.tlog\link.19536.18368.delete.1.tlog
d:\bongocat\bongocat-osu-master\catuilauncher\debug\catuilauncher.tlog\link.19612.5340.delete.1.tlog
d:\bongocat\bongocat-osu-master\catuilauncher\debug\catuilauncher.tlog\link.6076.1880.delete.1.tlog
d:\bongocat\bongocat-osu-master\catuilauncher\debug\catuilauncher.tlog\link.command.1.tlog
d:\bongocat\bongocat-osu-master\catuilauncher\debug\catuilauncher.tlog\link.read.1.tlog
d:\bongocat\bongocat-osu-master\catuilauncher\debug\catuilauncher.tlog\link.write.1.tlog
d:\bongocat\bongocat-osu-master\catuilauncher\debug\catuilauncher.tlog\metagen.read.1.tlog
d:\bongocat\bongocat-osu-master\catuilauncher\debug\catuilauncher.tlog\rc.command.1.tlog
d:\bongocat\bongocat-osu-master\catuilauncher\debug\catuilauncher.tlog\rc.read.1.tlog
d:\bongocat\bongocat-osu-master\catuilauncher\debug\catuilauncher.tlog\rc.write.1.tlog
d:\bongocat\bongocat-osu-master\catuilauncher\debug\catuilauncher.tlog\bongocatmverui.dll.metagen
