d:\bongocat\bongocat-osu-master\release\bongocatmverui.dll
d:\bongocat\bongocat-osu-master\release\materialdesignthemes.wpf.dll
d:\bongocat\bongocat-osu-master\release\materialdesigncolors.dll
d:\bongocat\bongocat-osu-master\release\bongocatmverui.pdb
d:\bongocat\bongocat-osu-master\release\bongocatmverui.dll.config
d:\bongocat\bongocat-osu-master\release\materialdesignthemes.wpf.pdb
d:\bongocat\bongocat-osu-master\release\materialdesigncolors.pdb
d:\bongocat\bongocat-osu-master\catuilauncher\release\vc142.pdb
d:\bongocat\bongocat-osu-master\catuilauncher\release\jsoncpp.obj
d:\bongocat\bongocat-osu-master\catuilauncher\release\data.obj
d:\bongocat\bongocat-osu-master\catuilauncher\release\catuilauncher.obj
d:\bongocat\bongocat-osu-master\catuilauncher\release\.netframework,version=4.7.2.assemblyattributes.obj
d:\bongocat\bongocat-osu-master\release\bongocatui.exe
d:\bongocat\bongocat-osu-master\release\bongocatui.pdb
d:\bongocat\bongocat-osu-master\catuilauncher\release\catuilauncher.tlog\metagen.write.1.tlog
d:\bongocat\bongocat-osu-master\catuilauncher\release\catuilauncher.res
d:\bongocat\bongocat-osu-master\catuilauncher\release\catuilauncher.tlog\catuilauncher.read.1u.tlog
d:\bongocat\bongocat-osu-master\catuilauncher\release\catuilauncher.tlog\catuilauncher.write.1u.tlog
d:\bongocat\bongocat-osu-master\catuilauncher\release\catuilauncher.tlog\cl.command.1.tlog
d:\bongocat\bongocat-osu-master\catuilauncher\release\catuilauncher.tlog\cl.read.1.tlog
d:\bongocat\bongocat-osu-master\catuilauncher\release\catuilauncher.tlog\cl.write.1.tlog
d:\bongocat\bongocat-osu-master\catuilauncher\release\catuilauncher.tlog\link.command.1.tlog
d:\bongocat\bongocat-osu-master\catuilauncher\release\catuilauncher.tlog\link.read.1.tlog
d:\bongocat\bongocat-osu-master\catuilauncher\release\catuilauncher.tlog\link.write.1.tlog
d:\bongocat\bongocat-osu-master\catuilauncher\release\catuilauncher.tlog\metagen.read.1.tlog
d:\bongocat\bongocat-osu-master\catuilauncher\release\catuilauncher.tlog\rc.command.1.tlog
d:\bongocat\bongocat-osu-master\catuilauncher\release\catuilauncher.tlog\rc.read.1.tlog
d:\bongocat\bongocat-osu-master\catuilauncher\release\catuilauncher.tlog\rc.write.1.tlog
d:\bongocat\bongocat-osu-master\catuilauncher\release\catuilauncher.tlog\bongocatmverui.dll.metagen
